<?xml version="1.0" encoding="UTF-8"?>
<!-- Generated by org.testng.reporters.JUnitReportReporter -->
<testsuite hostname="DESKTOP-VM4G1KR" failures="0" tests="1" name="com.TestCases.LoginTestCase" time="3.354" errors="0" timestamp="30 Sep 2021 06:35:51 GMT" skipped="0">
  <testcase classname="com.TestCases.LoginTestCase" name="login" time="3.354"/>
</testsuite> <!-- com.TestCases.LoginTestCase -->
